#
# There is insufficient memory for the Java Runtime Environment to continue.
# Native memory allocation (malloc) failed to allocate 1048576 bytes for AllocateHeap
# Possible reasons:
#   The system is out of physical RAM or swap space
#   The process is running with CompressedOops enabled, and the Java Heap may be blocking the growth of the native heap
# Possible solutions:
#   Reduce memory load on the system
#   Increase physical memory or swap space
#   Check if swap backing store is full
#   Decrease Java heap size (-Xmx/-Xms)
#   Decrease number of Java threads
#   Decrease Java thread stack sizes (-Xss)
#   Set larger code cache with -XX:ReservedCodeCacheSize=
#   JVM is running with Unscaled Compressed Oops mode in which the Java heap is
#     placed in the first 4GB address space. The Java Heap base address is the
#     maximum limit for the native heap growth. Please use -XX:HeapBaseMinAddress
#     to set the Java Heap base and to place the Java Heap above 4GB virtual address.
# This output file may be truncated or incomplete.
#
#  Out of Memory Error (memory/allocation.inline.hpp:61), pid=3408, tid=0x000000000000078c
#
# JRE version:  (8.0_211-b12) (build )
# Java VM: Java HotSpot(TM) 64-Bit Server VM (25.211-b12 mixed mode windows-amd64 compressed oops)
# Failed to write core dump. Minidumps are not enabled by default on client versions of Windows
#

---------------  T H R E A D  ---------------

Current thread (0x0000000001ece800):  JavaThread "Unknown thread" [_thread_in_vm, id=1932, stack(0x00000000021e0000,0x00000000022e0000)]

Stack: [0x00000000021e0000,0x00000000022e0000]
[error occurred during error reporting (printing stack bounds), id 0xc0000005]

Native frames: (J=compiled Java code, j=interpreted, Vv=VM code, C=native code)


---------------  P R O C E S S  ---------------

Java Threads: ( => current thread )

Other Threads:

=>0x0000000001ece800 (exited) JavaThread "Unknown thread" [_thread_in_vm, id=1932, stack(0x00000000021e0000,0x00000000022e0000)]

VM state:not at safepoint (normal execution)

VM Mutex/Monitor currently owned by a thread: None

heap address: 0x00000000c0400000, size: 1020 MB, Compressed Oops mode: 32-bit
Narrow klass base: 0x0000000000000000, Narrow klass shift: 0
Compressed class space size: 1073741824 Address: 0x0000000014280000

Heap:
 PSYoungGen      total 18944K, used 327K [0x00000000eac00000, 0x00000000ec100000, 0x0000000100000000)
  eden space 16384K, 2% used [0x00000000eac00000,0x00000000eac51ec8,0x00000000ebc00000)
  from space 2560K, 0% used [0x00000000ebe80000,0x00000000ebe80000,0x00000000ec100000)
  to   space 2560K, 0% used [0x00000000ebc00000,0x00000000ebc00000,0x00000000ebe80000)
 ParOldGen       total 44032K, used 0K [0x00000000c0400000, 0x00000000c2f00000, 0x00000000eac00000)
  object space 44032K, 0% used [0x00000000c0400000,0x00000000c0400000,0x00000000c2f00000)
 Metaspace       used 751K, capacity 4480K, committed 4480K, reserved 1056768K
  class space    used 76K, capacity 384K, committed 384K, reserved 1048576K

Card table byte_map: [0x0000000011970000,0x0000000011b70000] byte_map_base: 0x000000001136e000

Marking Bits: (ParMarkBitMap*) 0x0000000066205ce0
 Begin Bits: [0x00000000120a0000, 0x0000000013090000)
 End Bits:   [0x0000000013090000, 0x0000000014080000)

Polling page: 0x0000000000200000

CodeCache: size=245760Kb used=328Kb max_used=328Kb free=245431Kb
 bounds [0x00000000025b0000, 0x0000000002820000, 0x00000000115b0000]
 total_blobs=58 nmethods=0 adapters=38
 compilation: enabled

Compilation events (0 events):
No events

GC Heap History (0 events):
No events

Deoptimization events (0 events):
No events

Classes redefined (0 events):
No events

Internal exceptions (0 events):
No events

Events (10 events):
Event: 1.911 loading class java/lang/Short
Event: 1.915 loading class java/lang/Short done
Event: 1.915 loading class java/lang/Integer
Event: 1.919 loading class java/lang/Integer done
Event: 1.919 loading class java/lang/Long
Event: 1.925 loading class java/lang/Long done
Event: 1.926 loading class java/lang/NullPointerException
Event: 1.930 loading class java/lang/NullPointerException done
Event: 1.930 loading class java/lang/ArithmeticException
Event: 1.940 loading class java/lang/ArithmeticException done


Dynamic libraries:
0x000000013f5b0000 - 0x000000013f5e7000 	C:\Program Files\Java\jre1.8.0_211\bin\javaw.exe
0x0000000076e80000 - 0x000000007701f000 	C:\Windows\SYSTEM32\ntdll.dll
0x0000000076d60000 - 0x0000000076e7f000 	C:\Windows\system32\kernel32.dll
0x000007fefcbc0000 - 0x000007fefcc2a000 	C:\Windows\system32\KERNELBASE.dll
0x000007fefd3f0000 - 0x000007fefd4cb000 	C:\Windows\system32\ADVAPI32.dll
0x000007fefd350000 - 0x000007fefd3ef000 	C:\Windows\system32\msvcrt.dll
0x000007fefcd90000 - 0x000007fefcdaf000 	C:\Windows\SYSTEM32\sechost.dll
0x000007feff040000 - 0x000007feff16c000 	C:\Windows\system32\RPCRT4.dll
0x0000000076c60000 - 0x0000000076d5a000 	C:\Windows\system32\USER32.dll
0x000007fefeea0000 - 0x000007fefef07000 	C:\Windows\system32\GDI32.dll
0x000007fefef10000 - 0x000007fefef1e000 	C:\Windows\system32\LPK.dll
0x000007fefd280000 - 0x000007fefd34b000 	C:\Windows\system32\USP10.dll
0x000007fefb3b0000 - 0x000007fefb5a5000 	C:\Windows\WinSxS\amd64_microsoft.windows.common-controls_6595b64144ccf1df_6.0.7601.24380_none_e3731d0b30fb6b11\COMCTL32.dll
0x000007fefefc0000 - 0x000007feff031000 	C:\Windows\system32\SHLWAPI.dll
0x000007fefd8c0000 - 0x000007fefd8ee000 	C:\Windows\system32\IMM32.DLL
0x000007fefd550000 - 0x000007fefd659000 	C:\Windows\system32\MSCTF.dll
0x0000000066330000 - 0x0000000066402000 	C:\Program Files\Java\jre1.8.0_211\bin\msvcr100.dll
0x00000000659e0000 - 0x0000000066285000 	C:\Program Files\Java\jre1.8.0_211\bin\server\jvm.dll
0x000007fef31e0000 - 0x000007fef31e9000 	C:\Windows\system32\WSOCK32.dll
0x000007fefd4e0000 - 0x000007fefd52d000 	C:\Windows\system32\WS2_32.dll
0x000007fefd4d0000 - 0x000007fefd4d8000 	C:\Windows\system32\NSI.dll
0x000007fef9d90000 - 0x000007fef9dcb000 	C:\Windows\system32\WINMM.dll
0x000007fefba40000 - 0x000007fefba4c000 	C:\Windows\system32\VERSION.dll
0x0000000077030000 - 0x0000000077037000 	C:\Windows\system32\PSAPI.DLL
0x000007fef7140000 - 0x000007fef714f000 	C:\Program Files\Java\jre1.8.0_211\bin\verify.dll
0x000007feeb650000 - 0x000007feeb679000 	C:\Program Files\Java\jre1.8.0_211\bin\java.dll
0x000007feeb5e0000 - 0x000007feeb5f6000 	C:\Program Files\Java\jre1.8.0_211\bin\zip.dll

VM Arguments:
jvm_args: -Dfile.encoding=Cp1252 
java_command: main.SampleProject
java_class_path (initial): C:\Users\sony\git\Sample-Project\target\classes;C:\Users\sony\.m2\repository\junit\junit-dep\4.8.2\junit-dep-4.8.2.jar;C:\Users\sony\.m2\repository\org\hamcrest\hamcrest-core\1.1\hamcrest-core-1.1.jar
Launcher Type: SUN_STANDARD

Environment Variables:
JAVA_HOME=C:\Program Files\Java\jdk1.8.0_211
JRE_HOME=C:\Program Files\Java\jre1.8.0_211
PATH=C:/Program Files/Java/jre1.8.0_211/bin/server;C:/Program Files/Java/jre1.8.0_211/bin;C:/Program Files/Java/jre1.8.0_211/lib/amd64;C:\Program Files (x86)\Common Files\Oracle\Java\javapath;C:\Program Files\Common Files\Microsoft Shared\Windows Live;C:\Program Files (x86)\Common Files\Microsoft Shared\Windows Live;C:\Program Files (x86)\NVIDIA Corporation\PhysX\Common;C:\Windows\system32;C:\Windows;C:\Windows\System32\Wbem;C:\Windows\System32\WindowsPowerShell\v1.0\;C:\Program Files (x86)\Sony\VAIO Startup Setting Tool;;C:\Program Files (x86)\Windows Live\Shared;C:\Program Files\Microsoft\Web Platform Installer\;E:\eclipse;
USERNAME=sony
OS=Windows_NT
PROCESSOR_IDENTIFIER=Intel64 Family 6 Model 42 Stepping 7, GenuineIntel



---------------  S Y S T E M  ---------------

OS: Windows 7 , 64 bit Build 7601 (6.1.7601.24408)

CPU:total 4 (initial active 4) (2 cores per cpu, 2 threads per core) family 6 model 42 stepping 7, cmov, cx8, fxsr, mmx, sse, sse2, sse3, ssse3, sse4.1, sse4.2, popcnt, avx, clmul, ht, tsc, tscinvbit

Memory: 4k page, physical 4175728k(742244k free), swap 8365940k(1071156k free)

vm_info: Java HotSpot(TM) 64-Bit Server VM (25.211-b12) for windows-amd64 JRE (1.8.0_211-b12), built on Apr  1 2019 20:53:26 by "java_re" with MS VC++ 10.0 (VS2010)

time: Sun Apr 28 22:40:21 2019
timezone: India Standard Time
elapsed time: 3 seconds (0d 0h 0m 3s)

